<?xml version="1.0" encoding="UTF-8"?>
<!-- Generated by org.testng.reporters.JUnitReportReporter -->
<testsuite skipped="0" hostname="sapecc-PC" name="testCases.loginPage.LoginwithValiddata" tests="1" failures="0" timestamp="2020-10-07T11:07:06 IST" time="11.224" errors="0">
  <testcase name="verifyloginwithvaliddata" time="11.224" classname="testCases.loginPage.LoginwithValiddata"/>
</testsuite> <!-- testCases.loginPage.LoginwithValiddata -->
