<?xml version="1.0" encoding="UTF-8"?>
<!-- Generated by org.testng.reporters.JUnitReportReporter -->
<testsuite skipped="0" hostname="sapecc-PC" name="testCases.loginPage.Loginwithinvaliddata" tests="4" failures="0" timestamp="2020-10-07T11:07:06 IST" time="41.019" errors="0">
  <testcase name="LoginTest" time="8.289" classname="testCases.loginPage.Loginwithinvaliddata"/>
  <testcase name="LoginTest" time="14.483" classname="testCases.loginPage.Loginwithinvaliddata"/>
  <testcase name="LoginTest" time="10.787" classname="testCases.loginPage.Loginwithinvaliddata"/>
  <testcase name="LoginTest" time="7.460" classname="testCases.loginPage.Loginwithinvaliddata"/>
</testsuite> <!-- testCases.loginPage.Loginwithinvaliddata -->
